[00:48:34] info: TaskCreatedEvent {"eventId":"0db23f3c-04dd-441f-a865-a232298e428f","aggregateId":"e2786d69-fdcb-4da2-9a19-350b47c94e96","eventType":"TaskCreated","ocurredAt":"2026-04-15T05:48:34.679Z","task":{"id":"e2786d69-fdcb-4da2-9a19-350b47c94e96","title":"first Task","description":"second task","completed":false}}
[00:48:35] info: TaskCreatedEvent {"eventId":"062b02bc-1027-4510-8d27-b301c2beeb31","aggregateId":"50242ce9-47cd-429a-a9e7-0a7db59f5aac","eventType":"TaskCreated","ocurredAt":"2026-04-15T05:48:35.515Z","task":{"id":"50242ce9-47cd-429a-a9e7-0a7db59f5aac","title":"first Task","description":"second task","completed":false}}
[01:00:53] info: TaskCreatedEvent {"eventId":"19595a5c-efbc-4b21-8439-714c61815f1c","aggregateId":"18827aaa-c054-48e0-8a58-a6a0cb5fa79e","eventType":"TaskCreated","ocurredAt":"2026-04-15T06:00:53.485Z","task":{"id":"18827aaa-c054-48e0-8a58-a6a0cb5fa79e","title":"first Task","description":"second task","completed":false}}
[01:03:16] info: TaskCreatedEvent {"eventId":"0c9cb091-02d1-4978-9fc4-44310221c5a4","aggregateId":"59f50f12-db21-4e4c-a99b-c4da78a1e2a4","eventType":"TaskCreated","ocurredAt":"2026-04-15T06:03:16.364Z","task":{"id":"59f50f12-db21-4e4c-a99b-c4da78a1e2a4","title":"first Task","description":"second task","completed":false}}
[01:03:17] info: TaskCreatedEvent {"eventId":"d29b74ef-e4b3-4efe-b840-d7f795660338","aggregateId":"27e014db-b776-4e7e-a9c4-e64955ec9dfe","eventType":"TaskCreated","ocurredAt":"2026-04-15T06:03:17.197Z","task":{"id":"27e014db-b776-4e7e-a9c4-e64955ec9dfe","title":"first Task","description":"second task","completed":false}}
[01:03:17] info: TaskCreatedEvent {"eventId":"e07d2f2b-c234-4b90-bfd2-4f23eb32e6be","aggregateId":"b714c2ad-a912-42d5-bba7-96b88897f6bc","eventType":"TaskCreated","ocurredAt":"2026-04-15T06:03:17.799Z","task":{"id":"b714c2ad-a912-42d5-bba7-96b88897f6bc","title":"first Task","description":"second task","completed":false}}
[01:03:18] info: TaskCreatedEvent {"eventId":"b36b9256-712e-4815-be8a-597bec706796","aggregateId":"17fd7e2b-5255-4e83-8be9-a0cb0f2b8840","eventType":"TaskCreated","ocurredAt":"2026-04-15T06:03:18.446Z","task":{"id":"17fd7e2b-5255-4e83-8be9-a0cb0f2b8840","title":"first Task","description":"second task","completed":false}}
[01:03:19] info: TaskCreatedEvent {"eventId":"2a255fae-2f8d-4a26-9659-6897504b4666","aggregateId":"d34d2140-5153-4ece-9a9d-6c09fbca5e2a","eventType":"TaskCreated","ocurredAt":"2026-04-15T06:03:19.064Z","task":{"id":"d34d2140-5153-4ece-9a9d-6c09fbca5e2a","title":"first Task","description":"second task","completed":false}}
[01:03:19] info: TaskCreatedEvent {"eventId":"4f9904ab-a385-4dd5-98ef-d6e25e470e0a","aggregateId":"39755b0c-363d-4293-a5df-a4e3be035a4a","eventType":"TaskCreated","ocurredAt":"2026-04-15T06:03:19.613Z","task":{"id":"39755b0c-363d-4293-a5df-a4e3be035a4a","title":"first Task","description":"second task","completed":false}}
[01:03:20] info: TaskCreatedEvent {"eventId":"4128a6da-8c42-4d53-aa25-e83e5f5d7008","aggregateId":"d24b64bf-bb97-436b-bc94-76c9d5473eb1","eventType":"TaskCreated","ocurredAt":"2026-04-15T06:03:20.130Z","task":{"id":"d24b64bf-bb97-436b-bc94-76c9d5473eb1","title":"first Task","description":"second task","completed":false}}
[01:03:20] info: TaskCreatedEvent {"eventId":"933cf7f3-54bf-49b9-b8bd-f5e3a4c3f75d","aggregateId":"58632787-5723-4576-8b6a-4161513ed2cb","eventType":"TaskCreated","ocurredAt":"2026-04-15T06:03:20.530Z","task":{"id":"58632787-5723-4576-8b6a-4161513ed2cb","title":"first Task","description":"second task","completed":false}}
[01:03:20] info: TaskCreatedEvent {"eventId":"90710cd0-482e-436e-8f1c-2757fa8dffe3","aggregateId":"755f7bb9-921e-49ec-9088-44a28d2adfd9","eventType":"TaskCreated","ocurredAt":"2026-04-15T06:03:20.946Z","task":{"id":"755f7bb9-921e-49ec-9088-44a28d2adfd9","title":"first Task","description":"second task","completed":false}}
[01:03:21] info: TaskCreatedEvent {"eventId":"ffb0bbd9-a5a7-4f20-85a3-1b0bb5eb3a19","aggregateId":"f05064ed-a554-4899-b56e-3095f8a4987d","eventType":"TaskCreated","ocurredAt":"2026-04-15T06:03:21.614Z","task":{"id":"f05064ed-a554-4899-b56e-3095f8a4987d","title":"first Task","description":"second task","completed":false}}
[01:03:38] info: TaskCreatedEvent {"eventId":"08718c23-d0df-4995-a133-1e17f8ef1e46","aggregateId":"a506cff2-3f42-4e78-957e-9d69764d416d","eventType":"TaskCreated","ocurredAt":"2026-04-15T06:03:38.353Z","task":{"id":"a506cff2-3f42-4e78-957e-9d69764d416d","title":"first Task","description":"second task","completed":false}}
[01:03:39] info: TaskCreatedEvent {"eventId":"ac007db0-8324-49ae-ad3c-530aedddb0f3","aggregateId":"2cdebed9-5342-4052-afee-dd0b97af84a3","eventType":"TaskCreated","ocurredAt":"2026-04-15T06:03:39.325Z","task":{"id":"2cdebed9-5342-4052-afee-dd0b97af84a3","title":"first Task","description":"second task","completed":false}}
[01:03:39] info: TaskCreatedEvent {"eventId":"c1433479-a198-4507-ba9e-489b33c2301b","aggregateId":"cdd8c616-8aa7-4c37-b982-1b593967436c","eventType":"TaskCreated","ocurredAt":"2026-04-15T06:03:39.714Z","task":{"id":"cdd8c616-8aa7-4c37-b982-1b593967436c","title":"first Task","description":"second task","completed":false}}
[01:03:40] info: TaskCreatedEvent {"eventId":"61fd68d5-839f-4cee-be7d-f1c8fe03cfcf","aggregateId":"39293bea-e9cd-4f54-bf3e-8a09e392db3d","eventType":"TaskCreated","ocurredAt":"2026-04-15T06:03:40.348Z","task":{"id":"39293bea-e9cd-4f54-bf3e-8a09e392db3d","title":"first Task","description":"second task","completed":false}}
[01:03:41] info: TaskCreatedEvent {"eventId":"9b8cc52e-2038-4e06-bfbe-899bd18928b1","aggregateId":"a6d343fb-25d4-4b1c-8f4c-44dc243afc55","eventType":"TaskCreated","ocurredAt":"2026-04-15T06:03:41.079Z","task":{"id":"a6d343fb-25d4-4b1c-8f4c-44dc243afc55","title":"first Task","description":"second task","completed":false}}
[01:03:41] info: TaskCreatedEvent {"eventId":"f47dcc05-c429-46b5-b026-d38e3fb58591","aggregateId":"82c3988d-4782-4713-9d26-ffacd14d0362","eventType":"TaskCreated","ocurredAt":"2026-04-15T06:03:41.889Z","task":{"id":"82c3988d-4782-4713-9d26-ffacd14d0362","title":"first Task","description":"second task","completed":false}}
[01:03:51] info: TaskCreatedEvent {"eventId":"38bfdaea-ed95-4c8b-8a48-c4f15e2abb66","aggregateId":"cf0178f5-a056-45d0-a6e6-125a0e06cbf0","eventType":"TaskCreated","ocurredAt":"2026-04-15T06:03:51.000Z","task":{"id":"cf0178f5-a056-45d0-a6e6-125a0e06cbf0","title":"first Task","description":"second task","completed":false}}
[01:03:58] info: TaskCreatedEvent {"eventId":"19772f79-a2a5-4059-846e-bf9bf49b1444","aggregateId":"9ce7e501-6570-4ff1-92c7-9543c86c9e36","eventType":"TaskCreated","ocurredAt":"2026-04-15T06:03:58.391Z","task":{"id":"9ce7e501-6570-4ff1-92c7-9543c86c9e36","title":"first Task","description":"second task","completed":false}}
[13:50:59] info: Server Running at Port 
[13:51:13] info: Server Running at Port 
[13:51:22] info: Server Running at Port 
[13:51:30] info: Server Running at Port 
[13:51:41] info: Server Running at Port 
[13:52:00] info: Server Running at Port 
[13:52:15] info: Server Running at Port 
[13:52:23] info: Server Running at Port 
[13:52:36] info: Server Running at Port 
[13:53:05] info: Server Running at Port 
[13:53:17] info: Server Running at Port 
[13:53:25] info: Server Running at Port 
[13:53:39] info: Server Running at Port 
[13:53:51] info: Server Running at Port 
[13:54:53] info: Server Running at Port 
[13:55:51] info: Server Running at Port 
[13:56:16] info: Server Running at Port 
[14:11:16] info: Server Running at Port 
[14:11:30] info: Server Running at Port 
[14:12:38] info: Server Running at Port 
[14:13:17] info: Server Running at Port 
[14:13:38] info: Server Running at Port 
[14:13:53] info: Server Running at Port 
[14:26:08] info: Server Running at Port 
[14:29:53] info: Server Running at Port 
[14:31:27] info: Server Running at Port 
[14:31:33] info: TaskCreatedEvent {"eventId":"b754aa94-0636-49e1-9400-21422f48a475","aggregateId":"d1f1e4f0-eab4-4062-a11d-ff141302f144","eventType":"TaskCreated","ocurredAt":"2026-04-15T19:31:33.830Z","task":{"id":"d1f1e4f0-eab4-4062-a11d-ff141302f144","title":"first Task","description":"second task","completed":false}}
[14:32:03] info: Server Running at Port 
[14:32:20] info: TaskCreatedEvent {"eventId":"e1acdec3-9909-46f0-8778-9eef0cd0f8e4","aggregateId":"8b909b1a-82ad-4f31-b846-7591cafeced4","eventType":"TaskCreated","ocurredAt":"2026-04-15T19:32:20.925Z","task":{"id":"8b909b1a-82ad-4f31-b846-7591cafeced4","title":"first Task","description":"second task","completed":false}}
[14:32:21] info: TaskCreatedEvent {"eventId":"ff086380-950d-4fbc-81d5-6e3abf9b9432","aggregateId":"bcc52ed2-dd39-4752-b1e0-450d91f7547e","eventType":"TaskCreated","ocurredAt":"2026-04-15T19:32:21.867Z","task":{"id":"bcc52ed2-dd39-4752-b1e0-450d91f7547e","title":"first Task","description":"second task","completed":false}}
[14:32:22] info: TaskCreatedEvent {"eventId":"57504522-ead9-4150-9568-43799b3d0f00","aggregateId":"2893070b-8e71-44b1-8e0e-7160ab0e3e15","eventType":"TaskCreated","ocurredAt":"2026-04-15T19:32:22.644Z","task":{"id":"2893070b-8e71-44b1-8e0e-7160ab0e3e15","title":"first Task","description":"second task","completed":false}}
[14:32:44] info: Server Running at Port 
[14:33:26] info: Server Running at Port 
[14:33:39] info: Server Running at Port 
[14:34:27] info: Server Running at Port 
[14:34:49] info: Server Running at Port 
[14:35:05] info: Server Running at Port 
[14:35:22] info: Server Running at Port 
[14:35:39] info: Server Running at Port 
[14:35:48] info: Server Running at Port 
[14:36:52] info: Server Running at Port 
[14:37:06] info: Server Running at Port 
[14:37:42] info: Server Running at Port 
[14:37:51] info: Server Running at Port 
[14:38:10] info: Server Running at Port 
[14:38:54] info: Server Running at Port 
[14:39:06] info: Server Running at Port 
[14:39:19] info: Server Running at Port 
[14:39:27] info: Server Running at Port 
[14:39:53] info: Server Running at Port 
[14:39:59] info: Server Running at Port 
[14:40:15] info: Server Running at Port 
[14:40:45] info: Server Running at Port 
[14:41:11] info: Server Running at Port 
[14:56:54] info: Server Running at Port 
[14:57:13] info: Server Running at Port 
[15:05:03] info: Server Running at Port 
[15:05:25] info: Server Running at Port 
[15:05:27] info: TaskCreatedEvent {"eventId":"d378ef45-e5cd-4a5c-9532-4201edfbcc45","aggregateId":"9011b87e-e558-4c04-9138-00298f156337","eventType":"TaskCreated","ocurredAt":"2026-04-15T20:05:27.359Z","task":{"id":"9011b87e-e558-4c04-9138-00298f156337","title":"first Task","description":"second task","completed":false}}
[15:24:13] info: Server Running at Port 
[15:24:20] info: Server Running at Port 
[15:24:41] error: 💥 Error: QueryHandlerNotSupportException {"stack":"Error: QueryHandlerNotSupportException\n    at InMemoryMessageBus.<anonymous> (D:\\Github\\node-cqrs-task-3\\src\\shared\\infraestructure\\InMemoryMessageBus.ts:88:29)\n    at Generator.next (<anonymous>)\n    at D:\\Github\\node-cqrs-task-3\\src\\shared\\infraestructure\\InMemoryMessageBus.ts:8:71\n    at new Promise (<anonymous>)\n    at __awaiter (D:\\Github\\node-cqrs-task-3\\src\\shared\\infraestructure\\InMemoryMessageBus.ts:4:12)\n    at InMemoryMessageBus.executeQuery (D:\\Github\\node-cqrs-task-3\\src\\shared\\infraestructure\\InMemoryMessageBus.ts:82:16)\n    at TaskController.<anonymous> (D:\\Github\\node-cqrs-task-3\\src\\api\\controllers\\taskController.ts:28:41)\n    at Generator.next (<anonymous>)\n    at D:\\Github\\node-cqrs-task-3\\src\\api\\controllers\\taskController.ts:8:71\n    at new Promise (<anonymous>)"}
[15:25:49] info: Server Running at Port 
[15:26:03] info: Server Running at Port 
[15:26:03] error: 💥 Error: QueryHandlerNotSupportException {"stack":"Error: QueryHandlerNotSupportException\n    at InMemoryMessageBus.<anonymous> (D:\\Github\\node-cqrs-task-3\\src\\shared\\infraestructure\\InMemoryMessageBus.ts:88:29)\n    at Generator.next (<anonymous>)\n    at D:\\Github\\node-cqrs-task-3\\src\\shared\\infraestructure\\InMemoryMessageBus.ts:8:71\n    at new Promise (<anonymous>)\n    at __awaiter (D:\\Github\\node-cqrs-task-3\\src\\shared\\infraestructure\\InMemoryMessageBus.ts:4:12)\n    at InMemoryMessageBus.executeQuery (D:\\Github\\node-cqrs-task-3\\src\\shared\\infraestructure\\InMemoryMessageBus.ts:82:16)\n    at TaskController.<anonymous> (D:\\Github\\node-cqrs-task-3\\src\\api\\controllers\\taskController.ts:28:41)\n    at Generator.next (<anonymous>)\n    at D:\\Github\\node-cqrs-task-3\\src\\api\\controllers\\taskController.ts:8:71\n    at new Promise (<anonymous>)"}
[15:26:26] error: 💥 Error: QueryHandlerNotSupportException {"stack":"Error: QueryHandlerNotSupportException\n    at InMemoryMessageBus.<anonymous> (D:\\Github\\node-cqrs-task-3\\src\\shared\\infraestructure\\InMemoryMessageBus.ts:88:29)\n    at Generator.next (<anonymous>)\n    at D:\\Github\\node-cqrs-task-3\\src\\shared\\infraestructure\\InMemoryMessageBus.ts:8:71\n    at new Promise (<anonymous>)\n    at __awaiter (D:\\Github\\node-cqrs-task-3\\src\\shared\\infraestructure\\InMemoryMessageBus.ts:4:12)\n    at InMemoryMessageBus.executeQuery (D:\\Github\\node-cqrs-task-3\\src\\shared\\infraestructure\\InMemoryMessageBus.ts:82:16)\n    at TaskController.<anonymous> (D:\\Github\\node-cqrs-task-3\\src\\api\\controllers\\taskController.ts:28:41)\n    at Generator.next (<anonymous>)\n    at D:\\Github\\node-cqrs-task-3\\src\\api\\controllers\\taskController.ts:8:71\n    at new Promise (<anonymous>)"}
[15:26:27] error: 💥 Error: QueryHandlerNotSupportException {"stack":"Error: QueryHandlerNotSupportException\n    at InMemoryMessageBus.<anonymous> (D:\\Github\\node-cqrs-task-3\\src\\shared\\infraestructure\\InMemoryMessageBus.ts:88:29)\n    at Generator.next (<anonymous>)\n    at D:\\Github\\node-cqrs-task-3\\src\\shared\\infraestructure\\InMemoryMessageBus.ts:8:71\n    at new Promise (<anonymous>)\n    at __awaiter (D:\\Github\\node-cqrs-task-3\\src\\shared\\infraestructure\\InMemoryMessageBus.ts:4:12)\n    at InMemoryMessageBus.executeQuery (D:\\Github\\node-cqrs-task-3\\src\\shared\\infraestructure\\InMemoryMessageBus.ts:82:16)\n    at TaskController.<anonymous> (D:\\Github\\node-cqrs-task-3\\src\\api\\controllers\\taskController.ts:28:41)\n    at Generator.next (<anonymous>)\n    at D:\\Github\\node-cqrs-task-3\\src\\api\\controllers\\taskController.ts:8:71\n    at new Promise (<anonymous>)"}
[15:28:30] info: Server Running at Port 
[15:29:01] error: 💥 Error: QueryHandlerNotSupportExceptionFindAllTaskQuery {"stack":"Error: QueryHandlerNotSupportExceptionFindAllTaskQuery\n    at InMemoryMessageBus.<anonymous> (D:\\Github\\node-cqrs-task-3\\src\\shared\\infraestructure\\InMemoryMessageBus.ts:88:29)\n    at Generator.next (<anonymous>)\n    at D:\\Github\\node-cqrs-task-3\\src\\shared\\infraestructure\\InMemoryMessageBus.ts:8:71\n    at new Promise (<anonymous>)\n    at __awaiter (D:\\Github\\node-cqrs-task-3\\src\\shared\\infraestructure\\InMemoryMessageBus.ts:4:12)\n    at InMemoryMessageBus.executeQuery (D:\\Github\\node-cqrs-task-3\\src\\shared\\infraestructure\\InMemoryMessageBus.ts:82:16)\n    at TaskController.<anonymous> (D:\\Github\\node-cqrs-task-3\\src\\api\\controllers\\taskController.ts:28:41)\n    at Generator.next (<anonymous>)\n    at D:\\Github\\node-cqrs-task-3\\src\\api\\controllers\\taskController.ts:8:71\n    at new Promise (<anonymous>)"}
[15:36:20] info: Server Running at Port 
[15:43:04] info: Server Running at Port 
[15:43:45] info: TaskCreatedEvent {"eventId":"0fe2af06-c4d2-44c6-841c-a5f35938102e","aggregateId":"7223ecc9-2562-4716-ba01-b452fe403a2e","eventType":"TaskCreated","ocurredAt":"2026-04-15T20:43:45.152Z","task":{"id":"7223ecc9-2562-4716-ba01-b452fe403a2e","title":"first Task","description":"second task","completed":false}}
[15:44:16] info: Server Running at Port 
[15:44:29] info: Server Running at Port 
[15:44:50] info: Server Running at Port 
[15:45:01] info: TaskCreatedEvent {"eventId":"3db00d94-53a9-4f36-9d77-29e9116d6c44","aggregateId":"c49ba03b-a242-4271-9eba-250b8a518f75","eventType":"TaskCreated","ocurredAt":"2026-04-15T20:45:01.024Z","task":{"id":"c49ba03b-a242-4271-9eba-250b8a518f75","title":"first Task","description":"second task","completed":false}}
[15:47:42] info: Server Running at Port 
[15:47:49] info: Server Running at Port 
[15:47:51] info: TaskCreatedEvent {"eventId":"29d19b1d-64a4-48eb-b7e8-8fe7cf039d65","aggregateId":"4c3ac352-60b4-42f1-9fc3-d876889c209c","eventType":"TaskCreated","ocurredAt":"2026-04-15T20:47:51.850Z","task":{"id":"4c3ac352-60b4-42f1-9fc3-d876889c209c","title":"first Task","description":"second task","completed":false}}
